#
# There is insufficient memory for the Java Runtime Environment to continue.
# Native memory allocation (malloc) failed to allocate 1190976 bytes for Chunk::new
# Possible reasons:
#   The system is out of physical RAM or swap space
#   The process is running with CompressedOops enabled, and the Java Heap may be blocking the growth of the native heap
# Possible solutions:
#   Reduce memory load on the system
#   Increase physical memory or swap space
#   Check if swap backing store is full
#   Decrease Java heap size (-Xmx/-Xms)
#   Decrease number of Java threads
#   Decrease Java thread stack sizes (-Xss)
#   Set larger code cache with -XX:ReservedCodeCacheSize=
#   JVM is running with Unscaled Compressed Oops mode in which the Java heap is
#     placed in the first 4GB address space. The Java Heap base address is the
#     maximum limit for the native heap growth. Please use -XX:HeapBaseMinAddress
#     to set the Java Heap base and to place the Java Heap above 4GB virtual address.
# This output file may be truncated or incomplete.
#
#  Out of Memory Error (allocation.cpp:389), pid=1584, tid=0x0000000000000a20
#
# JRE version: OpenJDK Runtime Environment (8.0_242-b01) (build 1.8.0_242-release-1644-b01)
# Java VM: OpenJDK 64-Bit Server VM (25.242-b01 mixed mode windows-amd64 compressed oops)
# Failed to write core dump. Minidumps are not enabled by default on client versions of Windows
#

---------------  T H R E A D  ---------------

Current thread (0x0000000016f9a800):  JavaThread "C2 CompilerThread1" daemon [_thread_in_native, id=2592, stack(0x00000000186f0000,0x00000000187f0000)]

Stack: [0x00000000186f0000,0x00000000187f0000]
[error occurred during error reporting (printing stack bounds), id 0xc0000005]

Native frames: (J=compiled Java code, j=interpreted, Vv=VM code, C=native code)


Current CompileTask:
C2: 617178 15350       4       com.android.tools.r8.ir.regalloc.a::a (3992 bytes)


---------------  P R O C E S S  ---------------

Java Threads: ( => current thread )
  0x000000001d396800 JavaThread "RMI Reaper" [_thread_blocked, id=3580, stack(0x0000000021790000,0x0000000021890000)]
  0x000000001d393000 JavaThread "RMI TCP Accept-0" daemon [_thread_in_native, id=1964, stack(0x0000000021590000,0x0000000021690000)]
  0x000000001d395000 JavaThread "GC Daemon" daemon [_thread_blocked, id=7564, stack(0x0000000021490000,0x0000000021590000)]
  0x000000001d391800 JavaThread "RMI Scheduler(0)" daemon [_thread_blocked, id=3688, stack(0x0000000020190000,0x0000000020290000)]
  0x0000000019fec800 JavaThread "Cache worker for execution history cache (E:\MyHandbook\.gradle\6.5\executionHistory)" [_thread_blocked, id=5768, stack(0x000000002ad80000,0x000000002ae80000)]
  0x0000000019ff0000 JavaThread "Execution worker for ':' Thread 3" [_thread_blocked, id=5264, stack(0x000000002ac80000,0x000000002ad80000)]
  0x0000000019fe5000 JavaThread "Execution worker for ':' Thread 2" [_thread_blocked, id=960, stack(0x000000002a660000,0x000000002a760000)]
  0x0000000019fea000 JavaThread "Execution worker for ':'" [_thread_blocked, id=7480, stack(0x000000001c920000,0x000000001ca20000)]
  0x0000000019fe9800 JavaThread "Cache worker for file content cache (E:\MyHandbook\.gradle\6.5\fileContent)" [_thread_blocked, id=4876, stack(0x000000002a780000,0x000000002a880000)]
  0x0000000019fe8800 JavaThread "Memory manager" [_thread_blocked, id=4848, stack(0x0000000029390000,0x0000000029490000)]
  0x0000000019fe4000 JavaThread "Cache worker for Build Output Cleanup Cache (E:\MyHandbook\.gradle\buildOutputCleanup)" [_thread_blocked, id=7592, stack(0x0000000028190000,0x0000000028290000)]
  0x000000001d390800 JavaThread "Build operations Thread 4" [_thread_in_Java, id=4004, stack(0x0000000020c90000,0x0000000020d90000)]
  0x000000001d389000 JavaThread "Build operations Thread 3" [_thread_in_Java, id=1428, stack(0x0000000020b90000,0x0000000020c90000)]
  0x000000001d38e800 JavaThread "Build operations Thread 2" [_thread_in_Java, id=1256, stack(0x0000000020a90000,0x0000000020b90000)]
  0x000000001d38f000 JavaThread "Build operations" [_thread_in_Java, id=1508, stack(0x0000000020990000,0x0000000020a90000)]
  0x0000000018d46800 JavaThread "Cache worker for file content cache (C:\Users\Alexander\.gradle\caches\6.5\fileContent)" [_thread_blocked, id=744, stack(0x0000000020290000,0x0000000020390000)]
  0x0000000018d48800 JavaThread "Cache worker for execution history cache (C:\Users\Alexander\.gradle\caches\6.5\executionHistory)" [_thread_blocked, id=3824, stack(0x000000001fa90000,0x000000001fb90000)]
  0x0000000018d45800 JavaThread "Cache worker for cache directory md-rule (C:\Users\Alexander\.gradle\caches\6.5\md-rule)" [_thread_blocked, id=2904, stack(0x000000001f990000,0x000000001fa90000)]
  0x0000000018d45000 JavaThread "Cache worker for cache directory md-supplier (C:\Users\Alexander\.gradle\caches\6.5\md-supplier)" [_thread_blocked, id=1868, stack(0x000000001f890000,0x000000001f990000)]
  0x0000000018d47000 JavaThread "Cache worker for checksums cache (E:\MyHandbook\.gradle\checksums)" [_thread_blocked, id=2008, stack(0x000000001f790000,0x000000001f890000)]
  0x0000000018d42800 JavaThread "Cache worker for file hash cache (E:\MyHandbook\.gradle\6.5\fileHashes)" [_thread_blocked, id=7324, stack(0x000000001f490000,0x000000001f590000)]
  0x0000000018d48000 JavaThread "Cache worker for file hash cache (C:\Users\Alexander\.gradle\caches\6.5\fileHashes)" [_thread_blocked, id=8016, stack(0x000000001def0000,0x000000001dff0000)]
  0x0000000018d49800 JavaThread "File lock request listener" [_thread_in_native, id=8024, stack(0x000000001ce20000,0x000000001cf20000)]
  0x000000001a6b2000 JavaThread "Cache worker for journal cache (C:\Users\Alexander\.gradle\caches\journal-1)" [_thread_blocked, id=8028, stack(0x000000001cd20000,0x000000001ce20000)]
  0x0000000019d44800 JavaThread "Thread-9" [_thread_blocked, id=6672, stack(0x000000001ca20000,0x000000001cb20000)]
  0x0000000019d92000 JavaThread "Asynchronous log dispatcher for DefaultDaemonConnection: socket connection from /127.0.0.1:49760 to /127.0.0.1:49761" [_thread_blocked, id=7888, stack(0x000000001c820000,0x000000001c920000)]
  0x0000000019504800 JavaThread "Daemon worker" [_thread_blocked, id=7072, stack(0x000000001c720000,0x000000001c820000)]
  0x0000000019503800 JavaThread "Cancel handler" [_thread_blocked, id=6988, stack(0x000000001c620000,0x000000001c720000)]
  0x00000000196e7000 JavaThread "Handler for socket connection from /127.0.0.1:49760 to /127.0.0.1:49761" [_thread_in_native, id=6992, stack(0x000000001c520000,0x000000001c620000)]
  0x000000001a707800 JavaThread "Daemon" [_thread_blocked, id=6924, stack(0x000000001c420000,0x000000001c520000)]
  0x0000000019573800 JavaThread "Daemon periodic checks" [_thread_blocked, id=4308, stack(0x000000001c120000,0x000000001c220000)]
  0x0000000019577000 JavaThread "Incoming local TCP Connector on port 49760" [_thread_in_native, id=7448, stack(0x000000001bed0000,0x000000001bfd0000)]
  0x00000000195a4800 JavaThread "Daemon health stats" [_thread_blocked, id=7612, stack(0x000000001b890000,0x000000001b990000)]
  0x0000000016f9f800 JavaThread "Service Thread" daemon [_thread_blocked, id=2564, stack(0x00000000188f0000,0x00000000189f0000)]
  0x0000000016f9d800 JavaThread "C1 CompilerThread2" daemon [_thread_in_vm, id=2636, stack(0x00000000187f0000,0x00000000188f0000)]
=>0x0000000016f9a800 JavaThread "C2 CompilerThread1" daemon [_thread_in_native, id=2592, stack(0x00000000186f0000,0x00000000187f0000)]
  0x0000000016f97800 JavaThread "C2 CompilerThread0" daemon [_thread_blocked, id=2580, stack(0x00000000185f0000,0x00000000186f0000)]
  0x0000000016f94800 JavaThread "Attach Listener" daemon [_thread_blocked, id=2572, stack(0x00000000184f0000,0x00000000185f0000)]
  0x0000000016f93000 JavaThread "Signal Dispatcher" daemon [_thread_blocked, id=2568, stack(0x00000000183f0000,0x00000000184f0000)]
  0x0000000002369800 JavaThread "Finalizer" daemon [_thread_blocked, id=2576, stack(0x00000000181e0000,0x00000000182e0000)]
  0x0000000002361000 JavaThread "Reference Handler" daemon [_thread_blocked, id=2512, stack(0x00000000180e0000,0x00000000181e0000)]
  0x0000000002270800 JavaThread "main" [_thread_blocked, id=2140, stack(0x0000000002110000,0x0000000002210000)]

Other Threads:
  0x0000000016f56000 VMThread [stack: 0x0000000017fe0000,0x00000000180e0000] [id=2508]
  0x0000000016fa2000 WatcherThread [stack: 0x00000000189f0000,0x0000000018af0000] [id=6188]

VM state:not at safepoint (normal execution)

VM Mutex/Monitor currently owned by a thread:  ([mutex/lock_event])
[0x000000000210bbf0] CodeCache_lock - owner thread: 0x0000000016f9d800
[0x000000000210d450] Compile_lock - owner thread: 0x0000000016f9d800
[0x000000000210e650] MethodCompileQueue_lock - owner thread: 0x0000000016f9d800

heap address: 0x0000000080000000, size: 2048 MB, Compressed Oops mode: 32-bit
Narrow klass base: 0x0000000000000000, Narrow klass shift: 3
Compressed class space size: 1073741824 Address: 0x0000000100000000

Heap:
 PSYoungGen      total 651264K, used 113798K [0x00000000d5580000, 0x00000000ffc80000, 0x0000000100000000)
  eden space 613376K, 17% used [0x00000000d5580000,0x00000000dbf49910,0x00000000fac80000)
  from space 37888K, 14% used [0x00000000fd780000,0x00000000fdcd8000,0x00000000ffc80000)
  to   space 40960K, 0% used [0x00000000fac80000,0x00000000fac80000,0x00000000fd480000)
 ParOldGen       total 135680K, used 110506K [0x0000000080000000, 0x0000000088480000, 0x00000000d5580000)
  object space 135680K, 81% used [0x0000000080000000,0x0000000086bea9f0,0x0000000088480000)
 Metaspace       used 85192K, capacity 89392K, committed 90264K, reserved 1126400K
  class space    used 11537K, capacity 12283K, committed 12464K, reserved 1048576K

Card table byte_map: [0x0000000011730000,0x0000000011b40000] byte_map_base: 0x0000000011330000

Marking Bits: (ParMarkBitMap*) 0x0000000077b7f030
 Begin Bits: [0x00000000121f0000, 0x00000000141f0000)
 End Bits:   [0x00000000141f0000, 0x00000000161f0000)

Polling page: 0x0000000000a60000

CodeCache: size=245760Kb used=45364Kb max_used=46073Kb free=200395Kb
 bounds [0x0000000002370000, 0x00000000050f0000, 0x0000000011370000]
 total_blobs=13112 nmethods=12244 adapters=778
 compilation: enabled

Compilation events (10 events):
Event: 612.717 Thread 0x0000000016f9d800 15342   !   3       java.io.RandomAccessFile::close (62 bytes)
Event: 612.786 Thread 0x0000000016f9a800 15350       4       com.android.tools.r8.ir.regalloc.a::a (3992 bytes)
Event: 612.826 Thread 0x0000000016f9d800 nmethod 15342 0x00000000045ebfd0 code [0x00000000045ec160, 0x00000000045ec7d8]
Event: 612.833 Thread 0x0000000016f97800 nmethod 15347 0x0000000002857c90 code [0x0000000002857e80, 0x00000000028586d8]
Event: 614.632 Thread 0x0000000016f97800 15353       4       com.android.tools.r8.s.b.o::s (16 bytes)
Event: 615.249 Thread 0x0000000016f97800 nmethod 15353 0x00000000044e6610 code [0x00000000044e6740, 0x00000000044e6798]
Event: 615.276 Thread 0x0000000016f9d800 15349       3       com.android.tools.r8.code.N0::hashCode (28 bytes)
Event: 615.316 Thread 0x0000000016f9d800 nmethod 15349 0x0000000002c26810 code [0x0000000002c26980, 0x0000000002c26c68]
Event: 616.506 Thread 0x0000000016f97800 15357       4       com.android.tools.r8.ir.conversion.o::a (366 bytes)
Event: 616.682 Thread 0x0000000016f9d800 15356       3       com.android.tools.r8.ir.conversion.o::a (1153 bytes)

GC Heap History (10 events):
Event: 261.208 GC heap before
{Heap before GC invocations=16 (full 3):
 PSYoungGen      total 358400K, used 358030K [0x00000000d5580000, 0x00000000ed480000, 0x0000000100000000)
  eden space 335872K, 100% used [0x00000000d5580000,0x00000000e9d80000,0x00000000e9d80000)
  from space 22528K, 98% used [0x00000000eb700000,0x00000000ecca3a30,0x00000000ecd00000)
  to   space 26112K, 0% used [0x00000000e9d80000,0x00000000e9d80000,0x00000000eb700000)
 ParOldGen       total 78848K, used 37814K [0x0000000080000000, 0x0000000084d00000, 0x00000000d5580000)
  object space 78848K, 47% used [0x0000000080000000,0x00000000824edb68,0x0000000084d00000)
 Metaspace       used 84169K, capacity 88688K, committed 88984K, reserved 1126400K
  class space    used 11525K, capacity 12353K, committed 12464K, reserved 1048576K
Event: 279.506 GC heap after
Heap after GC invocations=16 (full 3):
 PSYoungGen      total 361984K, used 26042K [0x00000000d5580000, 0x00000000f6280000, 0x0000000100000000)
  eden space 335872K, 0% used [0x00000000d5580000,0x00000000d5580000,0x00000000e9d80000)
  from space 26112K, 99% used [0x00000000e9d80000,0x00000000eb6ee908,0x00000000eb700000)
  to   space 30720K, 0% used [0x00000000f4480000,0x00000000f4480000,0x00000000f6280000)
 ParOldGen       total 78848K, used 52091K [0x0000000080000000, 0x0000000084d00000, 0x00000000d5580000)
  object space 78848K, 66% used [0x0000000080000000,0x00000000832dec28,0x0000000084d00000)
 Metaspace       used 84169K, capacity 88688K, committed 88984K, reserved 1126400K
  class space    used 11525K, capacity 12353K, committed 12464K, reserved 1048576K
}
Event: 329.336 GC heap before
{Heap before GC invocations=17 (full 3):
 PSYoungGen      total 361984K, used 361914K [0x00000000d5580000, 0x00000000f6280000, 0x0000000100000000)
  eden space 335872K, 100% used [0x00000000d5580000,0x00000000e9d80000,0x00000000e9d80000)
  from space 26112K, 99% used [0x00000000e9d80000,0x00000000eb6ee908,0x00000000eb700000)
  to   space 30720K, 0% used [0x00000000f4480000,0x00000000f4480000,0x00000000f6280000)
 ParOldGen       total 78848K, used 52091K [0x0000000080000000, 0x0000000084d00000, 0x00000000d5580000)
  object space 78848K, 66% used [0x0000000080000000,0x00000000832dec28,0x0000000084d00000)
 Metaspace       used 85048K, capacity 89660K, committed 89752K, reserved 1126400K
  class space    used 11579K, capacity 12405K, committed 12464K, reserved 1048576K
Event: 338.770 GC heap after
Heap after GC invocations=17 (full 3):
 PSYoungGen      total 493568K, used 30703K [0x00000000d5580000, 0x00000000f8e00000, 0x0000000100000000)
  eden space 462848K, 0% used [0x00000000d5580000,0x00000000d5580000,0x00000000f1980000)
  from space 30720K, 99% used [0x00000000f4480000,0x00000000f627bd50,0x00000000f6280000)
  to   space 44032K, 0% used [0x00000000f1980000,0x00000000f1980000,0x00000000f4480000)
 ParOldGen       total 78848K, used 75106K [0x0000000080000000, 0x0000000084d00000, 0x00000000d5580000)
  object space 78848K, 95% used [0x0000000080000000,0x0000000084958a98,0x0000000084d00000)
 Metaspace       used 85048K, capacity 89660K, committed 89752K, reserved 1126400K
  class space    used 11579K, capacity 12405K, committed 12464K, reserved 1048576K
}
Event: 338.778 GC heap before
{Heap before GC invocations=18 (full 4):
 PSYoungGen      total 493568K, used 30703K [0x00000000d5580000, 0x00000000f8e00000, 0x0000000100000000)
  eden space 462848K, 0% used [0x00000000d5580000,0x00000000d5580000,0x00000000f1980000)
  from space 30720K, 99% used [0x00000000f4480000,0x00000000f627bd50,0x00000000f6280000)
  to   space 44032K, 0% used [0x00000000f1980000,0x00000000f1980000,0x00000000f4480000)
 ParOldGen       total 78848K, used 75106K [0x0000000080000000, 0x0000000084d00000, 0x00000000d5580000)
  object space 78848K, 95% used [0x0000000080000000,0x0000000084958a98,0x0000000084d00000)
 Metaspace       used 85048K, capacity 89660K, committed 89752K, reserved 1126400K
  class space    used 11579K, capacity 12405K, committed 12464K, reserved 1048576K
Event: 355.710 GC heap after
Heap after GC invocations=18 (full 4):
 PSYoungGen      total 493568K, used 16503K [0x00000000d5580000, 0x00000000f8e00000, 0x0000000100000000)
  eden space 462848K, 0% used [0x00000000d5580000,0x00000000d5580000,0x00000000f1980000)
  from space 30720K, 53% used [0x00000000f4480000,0x00000000f549df00,0x00000000f6280000)
  to   space 44032K, 0% used [0x00000000f1980000,0x00000000f1980000,0x00000000f4480000)
 ParOldGen       total 135680K, used 78716K [0x0000000080000000, 0x0000000088480000, 0x00000000d5580000)
  object space 135680K, 58% used [0x0000000080000000,0x0000000084cdf338,0x0000000088480000)
 Metaspace       used 84772K, capacity 88946K, committed 89752K, reserved 1126400K
  class space    used 11484K, capacity 12238K, committed 12464K, reserved 1048576K
}
Event: 404.320 GC heap before
{Heap before GC invocations=19 (full 4):
 PSYoungGen      total 493568K, used 479351K [0x00000000d5580000, 0x00000000f8e00000, 0x0000000100000000)
  eden space 462848K, 100% used [0x00000000d5580000,0x00000000f1980000,0x00000000f1980000)
  from space 30720K, 53% used [0x00000000f4480000,0x00000000f549df00,0x00000000f6280000)
  to   space 44032K, 0% used [0x00000000f1980000,0x00000000f1980000,0x00000000f4480000)
 ParOldGen       total 135680K, used 78716K [0x0000000080000000, 0x0000000088480000, 0x00000000d5580000)
  object space 135680K, 58% used [0x0000000080000000,0x0000000084cdf338,0x0000000088480000)
 Metaspace       used 85073K, capacity 89282K, committed 90008K, reserved 1126400K
  class space    used 11522K, capacity 12274K, committed 12464K, reserved 1048576K
Event: 423.821 GC heap after
Heap after GC invocations=19 (full 4):
 PSYoungGen      total 506880K, used 16584K [0x00000000d5580000, 0x0000000100000000, 0x0000000100000000)
  eden space 462848K, 0% used [0x00000000d5580000,0x00000000d5580000,0x00000000f1980000)
  from space 44032K, 37% used [0x00000000f1980000,0x00000000f29b2078,0x00000000f4480000)
  to   space 41472K, 0% used [0x00000000fd780000,0x00000000fd780000,0x0000000100000000)
 ParOldGen       total 135680K, used 95277K [0x0000000080000000, 0x0000000088480000, 0x00000000d5580000)
  object space 135680K, 70% used [0x0000000080000000,0x0000000085d0b498,0x0000000088480000)
 Metaspace       used 85073K, capacity 89282K, committed 90008K, reserved 1126400K
  class space    used 11522K, capacity 12274K, committed 12464K, reserved 1048576K
}
Event: 525.872 GC heap before
{Heap before GC invocations=20 (full 4):
 PSYoungGen      total 506880K, used 479432K [0x00000000d5580000, 0x0000000100000000, 0x0000000100000000)
  eden space 462848K, 100% used [0x00000000d5580000,0x00000000f1980000,0x00000000f1980000)
  from space 44032K, 37% used [0x00000000f1980000,0x00000000f29b2078,0x00000000f4480000)
  to   space 41472K, 0% used [0x00000000fd780000,0x00000000fd780000,0x0000000100000000)
 ParOldGen       total 135680K, used 95277K [0x0000000080000000, 0x0000000088480000, 0x00000000d5580000)
  object space 135680K, 70% used [0x0000000080000000,0x0000000085d0b498,0x0000000088480000)
 Metaspace       used 85161K, capacity 89380K, committed 90264K, reserved 1126400K
  class space    used 11529K, capacity 12281K, committed 12464K, reserved 1048576K
Event: 558.932 GC heap after
Heap after GC invocations=20 (full 4):
 PSYoungGen      total 651264K, used 5472K [0x00000000d5580000, 0x00000000ffc80000, 0x0000000100000000)
  eden space 613376K, 0% used [0x00000000d5580000,0x00000000d5580000,0x00000000fac80000)
  from space 37888K, 14% used [0x00000000fd780000,0x00000000fdcd8000,0x00000000ffc80000)
  to   space 40960K, 0% used [0x00000000fac80000,0x00000000fac80000,0x00000000fd480000)
 ParOldGen       total 135680K, used 110506K [0x0000000080000000, 0x0000000088480000, 0x00000000d5580000)
  object space 135680K, 81% used [0x0000000080000000,0x0000000086bea9f0,0x0000000088480000)
 Metaspace       used 85161K, capacity 89380K, committed 90264K, reserved 1126400K
  class space    used 11529K, capacity 12281K, committed 12464K, reserved 1048576K
}

Deoptimization events (10 events):
Event: 594.519 Thread 0x000000001d390800 Uncommon trap: reason=unstable_if action=reinterpret pc=0x0000000004e85918 method=com.android.tools.r8.ir.optimize.d0.c()V @ 31
Event: 607.493 Thread 0x000000001d390800 Uncommon trap: reason=unstable_if action=reinterpret pc=0x00000000050d5a30 method=com.android.tools.r8.ir.regalloc.a.a(Lcom/android/tools/r8/ir/regalloc/a$a;Z)Lcom/android/tools/r8/ir/regalloc/a$a; @ 2282
Event: 608.096 Thread 0x000000001d390800 Uncommon trap: reason=unstable_if action=reinterpret pc=0x0000000004a9e1b8 method=com.android.tools.r8.ir.regalloc.a.a(Lcom/android/tools/r8/ir/regalloc/a$a;Z)Lcom/android/tools/r8/ir/regalloc/a$a; @ 1642
Event: 609.667 Thread 0x000000001d390800 Uncommon trap: reason=unstable_if action=reinterpret pc=0x0000000004bce9d4 method=com.android.tools.r8.ir.regalloc.a.a(Lcom/android/tools/r8/ir/regalloc/a$a;Z)Lcom/android/tools/r8/ir/regalloc/a$a; @ 1642
Event: 611.515 Thread 0x000000001d38f000 Uncommon trap: reason=bimorphic action=maybe_recompile pc=0x0000000004124fd0 method=com.android.tools.r8.ir.optimize.l.a(Lcom/android/tools/r8/s/b/X;Lcom/android/tools/r8/ir/regalloc/a;)V @ 128
Event: 611.741 Thread 0x000000001d390800 Uncommon trap: reason=class_check action=maybe_recompile pc=0x00000000043f0618 method=com.android.tools.r8.s.a.h.e.b(Lcom/android/tools/r8/s/b/k0;)V @ 379
Event: 611.800 Thread 0x000000001d390800 Uncommon trap: reason=class_check action=maybe_recompile pc=0x00000000037c0674 method=com.android.tools.r8.ir.optimize.r.a(Lcom/android/tools/r8/s/b/X;)Z @ 361
Event: 614.084 Thread 0x000000001d390800 Uncommon trap: reason=class_check action=maybe_recompile pc=0x0000000004794150 method=com.android.tools.r8.ir.optimize.l.p(Lcom/android/tools/r8/s/b/X;)V @ 985
Event: 615.600 Thread 0x000000001d38f000 Uncommon trap: reason=predicate action=maybe_recompile pc=0x0000000004682ac4 method=com.android.tools.r8.ir.conversion.o.a(Lcom/android/tools/r8/ir/conversion/N;IIZ)V @ 183
Event: 615.977 Thread 0x000000001d38f000 Uncommon trap: reason=unstable_if action=reinterpret pc=0x0000000005059044 method=com.android.tools.r8.t.a.a.a.f.X$e.contains(Ljava/lang/Object;)Z @ 71

Classes redefined (0 events):
No events

Internal exceptions (10 events):
Event: 315.623 Thread 0x000000001d38e800 Exception <a 'sun/nio/fs/WindowsException'> (0x00000000e05a9e20) thrown at [C:\src\AOSP-openjdk-git\hotspot\src\share\vm\prims\jni.cpp, line 710]
Event: 317.125 Thread 0x000000001d38e800 Exception <a 'sun/nio/fs/WindowsException'> (0x00000000e1ee8a00) thrown at [C:\src\AOSP-openjdk-git\hotspot\src\share\vm\prims\jni.cpp, line 710]
Event: 317.978 Thread 0x000000001d390800 Exception <a 'sun/nio/fs/WindowsException'> (0x00000000e1d1ee88) thrown at [C:\src\AOSP-openjdk-git\hotspot\src\share\vm\prims\jni.cpp, line 710]
Event: 319.045 Thread 0x000000001d389000 Exception <a 'sun/nio/fs/WindowsException'> (0x00000000e2dfe758) thrown at [C:\src\AOSP-openjdk-git\hotspot\src\share\vm\prims\jni.cpp, line 710]
Event: 323.716 Thread 0x000000001d38f000 Exception <a 'sun/nio/fs/WindowsException'> (0x00000000e540cbb8) thrown at [C:\src\AOSP-openjdk-git\hotspot\src\share\vm\prims\jni.cpp, line 710]
Event: 323.867 Thread 0x000000001d390800 Exception <a 'sun/nio/fs/WindowsException'> (0x00000000e5677aa8) thrown at [C:\src\AOSP-openjdk-git\hotspot\src\share\vm\prims\jni.cpp, line 710]
Event: 324.645 Thread 0x000000001d38e800 Exception <a 'sun/nio/fs/WindowsException'> (0x00000000e616a1e0) thrown at [C:\src\AOSP-openjdk-git\hotspot\src\share\vm\prims\jni.cpp, line 710]
Event: 356.968 Thread 0x000000001d390800 Exception <a 'sun/nio/fs/WindowsException'> (0x00000000d6083100) thrown at [C:\src\AOSP-openjdk-git\hotspot\src\share\vm\prims\jni.cpp, line 710]
Event: 398.986 Thread 0x000000001d390800 Implicit null exception at 0x00000000049340ec to 0x0000000004937e51
Event: 473.839 Thread 0x000000001d38e800 Implicit null exception at 0x0000000004939a11 to 0x000000000493d785

Events (10 events):
Event: 614.124 Thread 0x000000001d390800 DEOPT UNPACKING pc=0x00000000023b557b sp=0x0000000020d8ae48 mode 2
Event: 614.193 Thread 0x0000000016f9d800 flushing nmethod 0x0000000002c26810
Event: 615.550 Thread 0x000000001d38f000 Uncommon trap: trap_request=0xffffff86 fr.pc=0x0000000004682ac4
Event: 615.835 Thread 0x000000001d38f000 DEOPT PACKING pc=0x0000000004682ac4 sp=0x0000000020a8ac00
Event: 615.851 Thread 0x000000001d38f000 DEOPT UNPACKING pc=0x00000000023b557b sp=0x0000000020a8ac30 mode 2
Event: 615.961 Thread 0x000000001d38f000 Uncommon trap: trap_request=0xffffff65 fr.pc=0x0000000005059044
Event: 615.979 Thread 0x000000001d38f000 DEOPT PACKING pc=0x0000000005059044 sp=0x0000000020a8ac00
Event: 616.024 Thread 0x000000001d38f000 DEOPT UNPACKING pc=0x00000000023b557b sp=0x0000000020a8aa68 mode 2
Event: 616.628 Thread 0x000000001d390800 DEOPT PACKING pc=0x0000000004f82765 sp=0x0000000020d8a5b0
Event: 616.650 Thread 0x000000001d390800 DEOPT UNPACKING pc=0x00000000023b71d0 sp=0x0000000020d8a5f8 mode 0


Dynamic libraries:
0x00007ff7e28c0000 - 0x00007ff7e28f1000 	E:\AndroidStudio\jre\bin\java.exe
0x00007ffbc1cc0000 - 0x00007ffbc1eb0000 	C:\Windows\SYSTEM32\ntdll.dll
0x00007ffbc0120000 - 0x00007ffbc01d2000 	C:\Windows\System32\KERNEL32.DLL
0x00007ffbbf870000 - 0x00007ffbbfb15000 	C:\Windows\System32\KERNELBASE.dll
0x00007ffbc0450000 - 0x00007ffbc04f3000 	C:\Windows\System32\ADVAPI32.dll
0x00007ffbc15f0000 - 0x00007ffbc168e000 	C:\Windows\System32\msvcrt.dll
0x00007ffbc1690000 - 0x00007ffbc1727000 	C:\Windows\System32\sechost.dll
0x00007ffbc14d0000 - 0x00007ffbc15f0000 	C:\Windows\System32\RPCRT4.dll
0x00007ffbc01e0000 - 0x00007ffbc0374000 	C:\Windows\System32\USER32.dll
0x00007ffbbfb20000 - 0x00007ffbbfb41000 	C:\Windows\System32\win32u.dll
0x00007ffbc06b0000 - 0x00007ffbc06d6000 	C:\Windows\System32\GDI32.dll
0x00007ffbbf680000 - 0x00007ffbbf816000 	C:\Windows\System32\gdi32full.dll
0x00007ffbbfb50000 - 0x00007ffbbfbee000 	C:\Windows\System32\msvcp_win.dll
0x00007ffbbf580000 - 0x00007ffbbf67a000 	C:\Windows\System32\ucrtbase.dll
0x00007ffbb2040000 - 0x00007ffbb22c4000 	C:\Windows\WinSxS\amd64_microsoft.windows.common-controls_6595b64144ccf1df_6.0.18362.1256_none_9e7e379be45e40e2\COMCTL32.dll
0x00007ffbc08c0000 - 0x00007ffbc0bf6000 	C:\Windows\System32\combase.dll
0x00007ffbbec90000 - 0x00007ffbbed11000 	C:\Windows\System32\bcryptPrimitives.dll
0x00007ffbc0810000 - 0x00007ffbc083e000 	C:\Windows\System32\IMM32.DLL
0x0000000077e20000 - 0x0000000077ef2000 	E:\AndroidStudio\jre\jre\bin\msvcr100.dll
0x00000000773b0000 - 0x0000000077bfb000 	E:\AndroidStudio\jre\jre\bin\server\jvm.dll
0x00007ffbc1c70000 - 0x00007ffbc1c78000 	C:\Windows\System32\PSAPI.DLL
0x00007ffba4410000 - 0x00007ffba4419000 	C:\Windows\SYSTEM32\WSOCK32.dll
0x00007ffbc00b0000 - 0x00007ffbc011f000 	C:\Windows\System32\WS2_32.dll
0x00007ffbbb7e0000 - 0x00007ffbbb804000 	C:\Windows\SYSTEM32\WINMM.dll
0x00007ffbb74f0000 - 0x00007ffbb74fa000 	C:\Windows\SYSTEM32\VERSION.dll
0x00007ffbbb7b0000 - 0x00007ffbbb7dd000 	C:\Windows\SYSTEM32\WINMMBASE.dll
0x00007ffbbf820000 - 0x00007ffbbf86a000 	C:\Windows\System32\cfgmgr32.dll
0x00007ffba4330000 - 0x00007ffba433f000 	E:\AndroidStudio\jre\jre\bin\verify.dll
0x00007ffba3b40000 - 0x00007ffba3b69000 	E:\AndroidStudio\jre\jre\bin\java.dll
0x00007ffba40f0000 - 0x00007ffba4106000 	E:\AndroidStudio\jre\jre\bin\zip.dll
0x00007ffbc0c80000 - 0x00007ffbc1367000 	C:\Windows\System32\SHELL32.dll
0x00007ffbbff30000 - 0x00007ffbbffd9000 	C:\Windows\System32\shcore.dll
0x00007ffbbedf0000 - 0x00007ffbbf571000 	C:\Windows\System32\windows.storage.dll
0x00007ffbbec00000 - 0x00007ffbbec23000 	C:\Windows\System32\profapi.dll
0x00007ffbbeb70000 - 0x00007ffbbebba000 	C:\Windows\System32\powrprof.dll
0x00007ffbbeb60000 - 0x00007ffbbeb70000 	C:\Windows\System32\UMPDC.dll
0x00007ffbc07b0000 - 0x00007ffbc0802000 	C:\Windows\System32\shlwapi.dll
0x00007ffbbebc0000 - 0x00007ffbbebd1000 	C:\Windows\System32\kernel.appcore.dll
0x00007ffbbedd0000 - 0x00007ffbbede7000 	C:\Windows\System32\cryptsp.dll
0x00007ffba3d20000 - 0x00007ffba3d3a000 	E:\AndroidStudio\jre\jre\bin\net.dll
0x00007ffbbe350000 - 0x00007ffbbe3b7000 	C:\Windows\system32\mswsock.dll
0x00007ffba39f0000 - 0x00007ffba3a03000 	E:\AndroidStudio\jre\jre\bin\nio.dll
0x00007ffb9a920000 - 0x00007ffb9a947000 	C:\Users\Alexander\.gradle\native\f6784746aeab05261644944871eae4fe03e0ef1612fff0a4a95f87b438bc6780\windows-amd64\native-platform.dll
0x00007ffba4320000 - 0x00007ffba432d000 	E:\AndroidStudio\jre\jre\bin\management.dll
0x00007ffbbdec0000 - 0x00007ffbbdef3000 	C:\Windows\system32\rsaenh.dll
0x00007ffbbfbf0000 - 0x00007ffbbfc16000 	C:\Windows\System32\bcrypt.dll
0x00007ffbbea80000 - 0x00007ffbbeaa5000 	C:\Windows\SYSTEM32\USERENV.dll
0x00007ffbbe520000 - 0x00007ffbbe52c000 	C:\Windows\SYSTEM32\CRYPTBASE.dll
0x00007ffbbe060000 - 0x00007ffbbe09a000 	C:\Windows\SYSTEM32\IPHLPAPI.DLL
0x00007ffbc03e0000 - 0x00007ffbc03e8000 	C:\Windows\System32\NSI.dll
0x00007ffbb73d0000 - 0x00007ffbb73e6000 	C:\Windows\SYSTEM32\dhcpcsvc6.DLL
0x00007ffbb4aa0000 - 0x00007ffbb4abc000 	C:\Windows\SYSTEM32\dhcpcsvc.DLL
0x00007ffbbe0a0000 - 0x00007ffbbe16b000 	C:\Windows\SYSTEM32\DNSAPI.dll
0x00007ffbb72b0000 - 0x00007ffbb72bb000 	C:\Windows\SYSTEM32\WINNSI.DLL
0x00007ffb86740000 - 0x00007ffb8675e000 	C:\Users\Alexander\AppData\Local\Temp\native-platform6289811317124340102dir\native-platform.dll

VM Arguments:
jvm_args: -Xmx2048m -Dfile.encoding=UTF-8 -Duser.country=RU -Duser.language=ru -Duser.variant 
java_command: org.gradle.launcher.daemon.bootstrap.GradleDaemon 6.5
java_class_path (initial): C:\Users\Alexander\.gradle\wrapper\dists\gradle-6.5-all\2oz4ud9k3tuxjg84bbf55q0tn\gradle-6.5\lib\gradle-launcher-6.5.jar
Launcher Type: SUN_STANDARD

Environment Variables:
PATH=C:\Windows\system32;C:\Windows;C:\Windows\System32\Wbem;C:\Windows\System32\WindowsPowerShell\v1.0\;C:\Windows\System32\OpenSSH\;C:\Users\Alexander\AppData\Local\Microsoft\WindowsApps;
USERNAME=Alexander
OS=Windows_NT
PROCESSOR_IDENTIFIER=AMD64 Family 23 Model 24 Stepping 1, AuthenticAMD



---------------  S Y S T E M  ---------------

OS: Windows 10.0 , 64 bit Build 18362 (10.0.18362.1110)

CPU:total 4 (initial active 4) (4 cores per cpu, 1 threads per core) family 23 model 24 stepping 1, cmov, cx8, fxsr, mmx, sse, sse2, sse3, ssse3, sse4.1, sse4.2, popcnt, avx, avx2, aes, clmul, mmxext, 3dnowpref, lzcnt, sse4a, tsc, tscinvbit, tscinv, bmi1

Memory: 4k page, physical 3364096k(29384k free), swap 9917692k(7936k free)

vm_info: OpenJDK 64-Bit Server VM (25.242-b01) for windows-amd64 JRE (1.8.0_242-release-1644-b01), built by "builder" with MS VC++ 10.0 (VS2010)

time: Sat Dec 26 11:19:36 2020
timezone: Беларусь (зима)
elapsed time: 617 seconds (0d 0h 10m 17s)

